Building file: ../src/space/grid_space.cpp
Invoking: GCC C++ Compiler
g++ -O3 -Wall -c -fmessage-length=0 -std=c++0x -MMD -MP -MF"src/space/grid_space.d" -MT"src/space/grid_space.d" -o"src/space/grid_space.o" "../src/space/grid_space.cpp"
Finished building: ../src/space/grid_space.cpp
 
Building file: ../src/space/space_crgarr.cpp
Invoking: GCC C++ Compiler
g++ -O3 -Wall -c -fmessage-length=0 -std=c++0x -MMD -MP -MF"src/space/space_crgarr.d" -MT"src/space/space_crgarr.d" -o"src/space/space_crgarr.o" "../src/space/space_crgarr.cpp"
Finished building: ../src/space/space_crgarr.cpp
 
Building file: ../src/space/space_cube.cpp
Invoking: GCC C++ Compiler
g++ -O3 -Wall -c -fmessage-length=0 -std=c++0x -MMD -MP -MF"src/space/space_cube.d" -MT"src/space/space_cube.d" -o"src/space/space_cube.o" "../src/space/space_cube.cpp"
Finished building: ../src/space/space_cube.cpp
 
Building file: ../src/space/space_eps.cpp
Invoking: GCC C++ Compiler
g++ -O3 -Wall -c -fmessage-length=0 -std=c++0x -MMD -MP -MF"src/space/space_eps.d" -MT"src/space/space_eps.d" -o"src/space/space_eps.o" "../src/space/space_eps.cpp"
Finished building: ../src/space/space_eps.cpp
 
Building file: ../src/space/space_fft.cpp
Invoking: GCC C++ Compiler
g++ -O3 -Wall -c -fmessage-length=0 -std=c++0x -MMD -MP -MF"src/space/space_fft.d" -MT"src/space/space_fft.d" -o"src/space/space_fft.o" "../src/space/space_fft.cpp"
Finished building: ../src/space/space_fft.cpp
 
Building file: ../src/space/space_indver.cpp
Invoking: GCC C++ Compiler
g++ -O3 -Wall -c -fmessage-length=0 -std=c++0x -MMD -MP -MF"src/space/space_indver.d" -MT"src/space/space_indver.d" -o"src/space/space_indver.o" "../src/space/space_indver.cpp"
Finished building: ../src/space/space_indver.cpp
 
Building file: ../src/space/space_msrf.cpp
Invoking: GCC C++ Compiler
g++ -O3 -Wall -c -fmessage-length=0 -std=c++0x -MMD -MP -MF"src/space/space_msrf.d" -MT"src/space/space_msrf.d" -o"src/space/space_msrf.o" "../src/space/space_msrf.cpp"
Finished building: ../src/space/space_msrf.cpp
 
Building file: ../src/space/space_run.cpp
Invoking: GCC C++ Compiler
g++ -O3 -Wall -c -fmessage-length=0 -std=c++0x -MMD -MP -MF"src/space/space_run.d" -MT"src/space/space_run.d" -o"src/space/space_run.o" "../src/space/space_run.cpp"
Finished building: ../src/space/space_run.cpp
 
Building file: ../src/space/space_sas.cpp
Invoking: GCC C++ Compiler
g++ -O3 -Wall -c -fmessage-length=0 -std=c++0x -MMD -MP -MF"src/space/space_sas.d" -MT"src/space/space_sas.d" -o"src/space/space_sas.o" "../src/space/space_sas.cpp"
Finished building: ../src/space/space_sas.cpp
 
Building file: ../src/space/space_sclbp.cpp
Invoking: GCC C++ Compiler
g++ -O3 -Wall -c -fmessage-length=0 -std=c++0x -MMD -MP -MF"src/space/space_sclbp.d" -MT"src/space/space_sclbp.d" -o"src/space/space_sclbp.o" "../src/space/space_sclbp.cpp"
Finished building: ../src/space/space_sclbp.cpp
 
Building file: ../src/space/space_setconvolute.cpp
Invoking: GCC C++ Compiler
g++ -O3 -Wall -c -fmessage-length=0 -std=c++0x -MMD -MP -MF"src/space/space_setconvolute.d" -MT"src/space/space_setconvolute.d" -o"src/space/space_setconvolute.o" "../src/space/space_setconvolute.cpp"
Finished building: ../src/space/space_setconvolute.cpp
 
Building file: ../src/space/space_setout.cpp
Invoking: GCC C++ Compiler
g++ -O3 -Wall -c -fmessage-length=0 -std=c++0x -MMD -MP -MF"src/space/space_setout.d" -MT"src/space/space_setout.d" -o"src/space/space_setout.o" "../src/space/space_setout.cpp"
Finished building: ../src/space/space_setout.cpp
 
Building file: ../src/space/space_validateInput.cpp
Invoking: GCC C++ Compiler
g++ -O3 -Wall -c -fmessage-length=0 -std=c++0x -MMD -MP -MF"src/space/space_validateInput.d" -MT"src/space/space_validateInput.d" -o"src/space/space_validateInput.o" "../src/space/space_validateInput.cpp"
Finished building: ../src/space/space_validateInput.cpp
 
Building file: ../src/space/space_vwtms.cpp
Invoking: GCC C++ Compiler
g++ -O3 -Wall -c -fmessage-length=0 -std=c++0x -MMD -MP -MF"src/space/space_vwtms.d" -MT"src/space/space_vwtms.d" -o"src/space/space_vwtms.o" "../src/space/space_vwtms.cpp"
Finished building: ../src/space/space_vwtms.cpp
 
Building file: ../src/space/space_vwtms_inc.cpp
Invoking: GCC C++ Compiler
g++ -O3 -Wall -c -fmessage-length=0 -std=c++0x -MMD -MP -MF"src/space/space_vwtms_inc.d" -MT"src/space/space_vwtms_inc.d" -o"src/space/space_vwtms_inc.o" "../src/space/space_vwtms_inc.cpp"
Finished building: ../src/space/space_vwtms_inc.cpp
 
Building file: ../src/space/space_setgaussian.cpp
Invoking: GCC C++ Compiler
g++ -O3 -Wall -c -fmessage-length=0 -std=c++0x -MMD -MP -MF"src/space/space_setgaussian.d" -MT"src/space/space_setgaussian.d" -o"src/space/space_setgaussian.o" "../src/space/space_setgaussian.cpp"
Finished building: ../src/space/space_setgaussian.cpp
 
Building file: ../src/solver/solver_bndy_isCoulombBndy.cpp
Invoking: GCC C++ Compiler
g++ -O3 -Wall -c -fmessage-length=0 -std=c++0x -MMD -MP -MF"src/solver/solver_bndy_isCoulombBndy.d" -MT"src/solver/solver_bndy_isCoulombBndy.d" -o"src/solver/solver_bndy_isCoulombBndy.o" "../src/solver/solver_bndy_isCoulombBndy.cpp"
Finished building: ../src/solver/solver_bndy_isCoulombBndy.cpp
 
Building file: ../src/solver/solver_bndy_isDipolarBndy.cpp
Invoking: GCC C++ Compiler
g++ -O3 -Wall -c -fmessage-length=0 -std=c++0x -MMD -MP -MF"src/solver/solver_bndy_isDipolarBndy.d" -MT"src/solver/solver_bndy_isDipolarBndy.d" -o"src/solver/solver_bndy_isDipolarBndy.o" "../src/solver/solver_bndy_isDipolarBndy.cpp"
Finished building: ../src/solver/solver_bndy_isDipolarBndy.cpp
 
Building file: ../src/solver/solver_bndy_isFocusBndy.cpp
Invoking: GCC C++ Compiler
g++ -O3 -Wall -c -fmessage-length=0 -std=c++0x -MMD -MP -MF"src/solver/solver_bndy_isFocusBndy.d" -MT"src/solver/solver_bndy_isFocusBndy.d" -o"src/solver/solver_bndy_isFocusBndy.o" "../src/solver/solver_bndy_isFocusBndy.cpp"
Finished building: ../src/solver/solver_bndy_isFocusBndy.cpp
 
Building file: ../src/solver/solver_bndy_setBndy.cpp
Invoking: GCC C++ Compiler
g++ -O3 -Wall -c -fmessage-length=0 -std=c++0x -MMD -MP -MF"src/solver/solver_bndy_setBndy.d" -MT"src/solver/solver_bndy_setBndy.d" -o"src/solver/solver_bndy_setBndy.o" "../src/solver/solver_bndy_setBndy.cpp"
Finished building: ../src/solver/solver_bndy_setBndy.cpp
 
Building file: ../src/solver/solver_fastSOR_initOddEvenItr.cpp
Invoking: GCC C++ Compiler
g++ -O3 -Wall -c -fmessage-length=0 -std=c++0x -MMD -MP -MF"src/solver/solver_fastSOR_initOddEvenItr.d" -MT"src/solver/solver_fastSOR_initOddEvenItr.d" -o"src/solver/solver_fastSOR_initOddEvenItr.o" "../src/solver/solver_fastSOR_initOddEvenItr.cpp"
Finished building: ../src/solver/solver_fastSOR_initOddEvenItr.cpp
 
Building file: ../src/solver/solver_fastSOR_itit.cpp
Invoking: GCC C++ Compiler
g++ -O3 -Wall -c -fmessage-length=0 -std=c++0x -MMD -MP -MF"src/solver/solver_fastSOR_itit.d" -MT"src/solver/solver_fastSOR_itit.d" -o"src/solver/solver_fastSOR_itit.o" "../src/solver/solver_fastSOR_itit.cpp"
Finished building: ../src/solver/solver_fastSOR_itit.cpp
 
Building file: ../src/solver/solver_fastSOR_itrEvenPoints.cpp
Invoking: GCC C++ Compiler
g++ -O3 -Wall -c -fmessage-length=0 -std=c++0x -MMD -MP -MF"src/solver/solver_fastSOR_itrEvenPoints.d" -MT"src/solver/solver_fastSOR_itrEvenPoints.d" -o"src/solver/solver_fastSOR_itrEvenPoints.o" "../src/solver/solver_fastSOR_itrEvenPoints.cpp"
Finished building: ../src/solver/solver_fastSOR_itrEvenPoints.cpp
 
Building file: ../src/solver/solver_fastSOR_itrOddPoints.cpp
Invoking: GCC C++ Compiler
g++ -O3 -Wall -c -fmessage-length=0 -std=c++0x -MMD -MP -MF"src/solver/solver_fastSOR_itrOddPoints.d" -MT"src/solver/solver_fastSOR_itrOddPoints.d" -o"src/solver/solver_fastSOR_itrOddPoints.o" "../src/solver/solver_fastSOR_itrOddPoints.cpp"
Finished building: ../src/solver/solver_fastSOR_itrOddPoints.cpp
 
Building file: ../src/solver/solver_fastSOR_mkdbsf.cpp
Invoking: GCC C++ Compiler
g++ -O3 -Wall -c -fmessage-length=0 -std=c++0x -MMD -MP -MF"src/solver/solver_fastSOR_mkdbsf.d" -MT"src/solver/solver_fastSOR_mkdbsf.d" -o"src/solver/solver_fastSOR_mkdbsf.o" "../src/solver/solver_fastSOR_mkdbsf.cpp"
Finished building: ../src/solver/solver_fastSOR_mkdbsf.cpp
 
Building file: ../src/solver/solver_fastSOR_nitit.cpp
Invoking: GCC C++ Compiler
g++ -O3 -Wall -c -fmessage-length=0 -std=c++0x -MMD -MP -MF"src/solver/solver_fastSOR_nitit.d" -MT"src/solver/solver_fastSOR_nitit.d" -o"src/solver/solver_fastSOR_nitit.o" "../src/solver/solver_fastSOR_nitit.cpp"
Finished building: ../src/solver/solver_fastSOR_nitit.cpp
 
Building file: ../src/solver/solver_fastSOR_postItr.cpp
Invoking: GCC C++ Compiler
g++ -O3 -Wall -c -fmessage-length=0 -std=c++0x -MMD -MP -MF"src/solver/solver_fastSOR_postItr.d" -MT"src/solver/solver_fastSOR_postItr.d" -o"src/solver/solver_fastSOR_postItr.o" "../src/solver/solver_fastSOR_postItr.cpp"
Finished building: ../src/solver/solver_fastSOR_postItr.cpp
 
Building file: ../src/solver/solver_fastSOR_relfac.cpp
Invoking: GCC C++ Compiler
g++ -O3 -Wall -c -fmessage-length=0 -std=c++0x -MMD -MP -MF"src/solver/solver_fastSOR_relfac.d" -MT"src/solver/solver_fastSOR_relfac.d" -o"src/solver/solver_fastSOR_relfac.o" "../src/solver/solver_fastSOR_relfac.cpp"
Finished building: ../src/solver/solver_fastSOR_relfac.cpp
 
Building file: ../src/solver/solver_fastSOR_run.cpp
Invoking: GCC C++ Compiler
g++ -O3 -Wall -c -fmessage-length=0 -std=c++0x -MMD -MP -MF"src/solver/solver_fastSOR_run.d" -MT"src/solver/solver_fastSOR_run.d" -o"src/solver/solver_fastSOR_run.o" "../src/solver/solver_fastSOR_run.cpp"
Finished building: ../src/solver/solver_fastSOR_run.cpp
 
Building file: ../src/solver/solver_fastSOR_setcrg.cpp
Invoking: GCC C++ Compiler
g++ -O3 -Wall -c -fmessage-length=0 -std=c++0x -MMD -MP -MF"src/solver/solver_fastSOR_setcrg.d" -MT"src/solver/solver_fastSOR_setcrg.d" -o"src/solver/solver_fastSOR_setcrg.o" "../src/solver/solver_fastSOR_setcrg.cpp"
Finished building: ../src/solver/solver_fastSOR_setcrg.cpp
 
Building file: ../src/solver/solver_fastSOR_validateInput.cpp
Invoking: GCC C++ Compiler
g++ -O3 -Wall -c -fmessage-length=0 -std=c++0x -MMD -MP -MF"src/solver/solver_fastSOR_validateInput.d" -MT"src/solver/solver_fastSOR_validateInput.d" -o"src/solver/solver_fastSOR_validateInput.o" "../src/solver/solver_fastSOR_validateInput.cpp"
Finished building: ../src/solver/solver_fastSOR_validateInput.cpp
 
Building file: ../src/site/site_expand.cpp
Invoking: GCC C++ Compiler
g++ -O3 -Wall -c -fmessage-length=0 -std=c++0x -MMD -MP -MF"src/site/site_expand.d" -MT"src/site/site_expand.d" -o"src/site/site_expand.o" "../src/site/site_expand.cpp"
Finished building: ../src/site/site_expand.cpp
 
Building file: ../src/site/site_phicon.cpp
Invoking: GCC C++ Compiler
g++ -O3 -Wall -c -fmessage-length=0 -std=c++0x -MMD -MP -MF"src/site/site_phicon.d" -MT"src/site/site_phicon.d" -o"src/site/site_phicon.o" "../src/site/site_phicon.cpp"
Finished building: ../src/site/site_phicon.cpp
 
Building file: ../src/site/site_rforce.cpp
Invoking: GCC C++ Compiler
g++ -O3 -Wall -c -fmessage-length=0 -std=c++0x -MMD -MP -MF"src/site/site_rforce.d" -MT"src/site/site_rforce.d" -o"src/site/site_rforce.o" "../src/site/site_rforce.cpp"
Finished building: ../src/site/site_rforce.cpp
 
Building file: ../src/site/site_rforceesp1.cpp
Invoking: GCC C++ Compiler
g++ -O3 -Wall -c -fmessage-length=0 -std=c++0x -MMD -MP -MF"src/site/site_rforceesp1.d" -MT"src/site/site_rforceesp1.d" -o"src/site/site_rforceesp1.o" "../src/site/site_rforceesp1.cpp"
Finished building: ../src/site/site_rforceesp1.cpp
 
Building file: ../src/site/site_tops.cpp
Invoking: GCC C++ Compiler
g++ -O3 -Wall -c -fmessage-length=0 -std=c++0x -MMD -MP -MF"src/site/site_tops.d" -MT"src/site/site_tops.d" -o"src/site/site_tops.o" "../src/site/site_tops.cpp"
Finished building: ../src/site/site_tops.cpp
 
Building file: ../src/site/site_writePhi.cpp
Invoking: GCC C++ Compiler
g++ -O3 -Wall -c -fmessage-length=0 -std=c++0x -MMD -MP -MF"src/site/site_writePhi.d" -MT"src/site/site_writePhi.d" -o"src/site/site_writePhi.o" "../src/site/site_writePhi.cpp"
Finished building: ../src/site/site_writePhi.cpp
 
Building file: ../src/site/site_writePhiMap.cpp
Invoking: GCC C++ Compiler
g++ -O3 -Wall -c -fmessage-length=0 -std=c++0x -MMD -MP -MF"src/site/site_writePhiMap.d" -MT"src/site/site_writePhiMap.d" -o"src/site/site_writePhiMap.o" "../src/site/site_writePhiMap.cpp"
Finished building: ../src/site/site_writePhiMap.cpp
 
Building file: ../src/site/site_writePotential_ccp4.cpp
Invoking: GCC C++ Compiler
g++ -O3 -Wall -c -fmessage-length=0 -std=c++0x -MMD -MP -MF"src/site/site_writePotential_ccp4.d" -MT"src/site/site_writePotential_ccp4.d" -o"src/site/site_writePotential_ccp4.o" "../src/site/site_writePotential_ccp4.cpp"
Finished building: ../src/site/site_writePotential_ccp4.cpp
 
Building file: ../src/site/site_writePotential_cube.cpp
Invoking: GCC C++ Compiler
g++ -O3 -Wall -c -fmessage-length=0 -std=c++0x -MMD -MP -MF"src/site/site_writePotential_cube.d" -MT"src/site/site_writePotential_cube.d" -o"src/site/site_writePotential_cube.o" "../src/site/site_writePotential_cube.cpp"
Finished building: ../src/site/site_writePotential_cube.cpp
 
Building file: ../src/site/site_writePotential_delphi.cpp
Invoking: GCC C++ Compiler
g++ -O3 -Wall -c -fmessage-length=0 -std=c++0x -MMD -MP -MF"src/site/site_writePotential_delphi.d" -MT"src/site/site_writePotential_delphi.d" -o"src/site/site_writePotential_delphi.o" "../src/site/site_writePotential_delphi.cpp"
Finished building: ../src/site/site_writePotential_delphi.cpp
 
Building file: ../src/site/site_writePotential_fromPrevious.cpp
Invoking: GCC C++ Compiler
g++ -O3 -Wall -c -fmessage-length=0 -std=c++0x -MMD -MP -MF"src/site/site_writePotential_fromPrevious.d" -MT"src/site/site_writePotential_fromPrevious.d" -o"src/site/site_writePotential_fromPrevious.o" "../src/site/site_writePotential_fromPrevious.cpp"
Finished building: ../src/site/site_writePotential_fromPrevious.cpp
 
Building file: ../src/site/site_writePotential_grasp.cpp
Invoking: GCC C++ Compiler
g++ -O3 -Wall -c -fmessage-length=0 -std=c++0x -MMD -MP -MF"src/site/site_writePotential_grasp.d" -MT"src/site/site_writePotential_grasp.d" -o"src/site/site_writePotential_grasp.o" "../src/site/site_writePotential_grasp.cpp"
Finished building: ../src/site/site_writePotential_grasp.cpp
 
Building file: ../src/site/site_writePotential_insight.cpp
Invoking: GCC C++ Compiler
g++ -O3 -Wall -c -fmessage-length=0 -std=c++0x -MMD -MP -MF"src/site/site_writePotential_insight.d" -MT"src/site/site_writePotential_insight.d" -o"src/site/site_writePotential_insight.o" "../src/site/site_writePotential_insight.cpp"
Finished building: ../src/site/site_writePotential_insight.cpp
 
Building file: ../src/site/site_writePotential_zphi.cpp
Invoking: GCC C++ Compiler
g++ -O3 -Wall -c -fmessage-length=0 -std=c++0x -MMD -MP -MF"src/site/site_writePotential_zphi.d" -MT"src/site/site_writePotential_zphi.d" -o"src/site/site_writePotential_zphi.o" "../src/site/site_writePotential_zphi.cpp"
Finished building: ../src/site/site_writePotential_zphi.cpp
 
Building file: ../src/site/site_writeSite.cpp
Invoking: GCC C++ Compiler
g++ -O3 -Wall -c -fmessage-length=0 -std=c++0x -MMD -MP -MF"src/site/site_writeSite.d" -MT"src/site/site_writeSite.d" -o"src/site/site_writeSite.o" "../src/site/site_writeSite.cpp"
Finished building: ../src/site/site_writeSite.cpp
 
Building file: ../src/site/site_writePAnalysis.cpp
Invoking: GCC C++ Compiler
g++ -O3 -Wall -c -fmessage-length=0 -std=c++0x -MMD -MP -MF"src/site/site_writePAnalysis.d" -MT"src/site/site_writePAnalysis.d" -o"src/site/site_writePAnalysis.o" "../src/site/site_writePAnalysis.cpp"
Finished building: ../src/site/site_writePAnalysis.cpp
 
Building file: ../src/misc/misc_grid_opts.cpp
Invoking: GCC C++ Compiler
g++ -O3 -Wall -c -fmessage-length=0 -std=c++0x -MMD -MP -MF"src/misc/misc_grid_opts.d" -MT"src/misc/misc_grid_opts.d" -o"src/misc/misc_grid_opts.o" "../src/misc/misc_grid_opts.cpp"
Finished building: ../src/misc/misc_grid_opts.cpp
 
Building file: ../src/misc/misc_interpl.cpp
Invoking: GCC C++ Compiler
g++ -O3 -Wall -c -fmessage-length=0 -std=c++0x -MMD -MP -MF"src/misc/misc_interpl.d" -MT"src/misc/misc_interpl.d" -o"src/misc/misc_interpl.o" "../src/misc/misc_interpl.cpp"
Finished building: ../src/misc/misc_interpl.cpp
 
Building file: ../src/misc/misc_timer.cpp
Invoking: GCC C++ Compiler
g++ -O3 -Wall -c -fmessage-length=0 -std=c++0x -MMD -MP -MF"src/misc/misc_timer.d" -MT"src/misc/misc_timer.d" -o"src/misc/misc_timer.o" "../src/misc/misc_timer.cpp"
Finished building: ../src/misc/misc_timer.cpp
 
Building file: ../src/io/io_epsmap.cpp
Invoking: GCC C++ Compiler
g++ -O3 -Wall -c -fmessage-length=0 -std=c++0x -MMD -MP -MF"src/io/io_epsmap.d" -MT"src/io/io_epsmap.d" -o"src/io/io_epsmap.o" "../src/io/io_epsmap.cpp"
Finished building: ../src/io/io_epsmap.cpp
 
Building file: ../src/io/io_force.cpp
Invoking: GCC C++ Compiler
g++ -O3 -Wall -c -fmessage-length=0 -std=c++0x -MMD -MP -MF"src/io/io_force.d" -MT"src/io/io_force.d" -o"src/io/io_force.o" "../src/io/io_force.cpp"
Finished building: ../src/io/io_force.cpp
 
Building file: ../src/io/io_frc.cpp
Invoking: GCC C++ Compiler
g++ -O3 -Wall -c -fmessage-length=0 -std=c++0x -MMD -MP -MF"src/io/io_frc.d" -MT"src/io/io_frc.d" -o"src/io/io_frc.o" "../src/io/io_frc.cpp"
Finished building: ../src/io/io_frc.cpp
 
Building file: ../src/io/io_misc.cpp
Invoking: GCC C++ Compiler
g++ -O3 -Wall -c -fmessage-length=0 -std=c++0x -MMD -MP -MF"src/io/io_misc.d" -MT"src/io/io_misc.d" -o"src/io/io_misc.o" "../src/io/io_misc.cpp"
Finished building: ../src/io/io_misc.cpp
 
Building file: ../src/io/io_pdb.cpp
Invoking: GCC C++ Compiler
g++ -O3 -Wall -c -fmessage-length=0 -std=c++0x -MMD -MP -MF"src/io/io_pdb.d" -MT"src/io/io_pdb.d" -o"src/io/io_pdb.o" "../src/io/io_pdb.cpp"
Finished building: ../src/io/io_pdb.cpp
 
Building file: ../src/interface/exceptions.cpp
Invoking: GCC C++ Compiler
g++ -O3 -Wall -c -fmessage-length=0 -std=c++0x -MMD -MP -MF"src/interface/exceptions.d" -MT"src/interface/exceptions.d" -o"src/interface/exceptions.o" "../src/interface/exceptions.cpp"
Finished building: ../src/interface/exceptions.cpp
 
Building file: ../src/interface/interface_datacontainer.cpp
Invoking: GCC C++ Compiler
g++ -O3 -Wall -c -fmessage-length=0 -std=c++0x -MMD -MP -MF"src/interface/interface_datacontainer.d" -MT"src/interface/interface_datacontainer.d" -o"src/interface/interface_datacontainer.o" "../src/interface/interface_datacontainer.cpp"
Finished building: ../src/interface/interface_datacontainer.cpp
 
Building file: ../src/interface/interface_datamarshal.cpp
Invoking: GCC C++ Compiler
g++ -O3 -Wall -c -fmessage-length=0 -std=c++0x -MMD -MP -MF"src/interface/interface_datamarshal.d" -MT"src/interface/interface_datamarshal.d" -o"src/interface/interface_datamarshal.o" "../src/interface/interface_datamarshal.cpp"
Finished building: ../src/interface/interface_datamarshal.cpp
 
Building file: ../src/energy/energy_clb.cpp
Invoking: GCC C++ Compiler
g++ -O3 -Wall -c -fmessage-length=0 -std=c++0x -ffast-math -MMD -MP -MF"src/energy/energy_clb.d" -MT"src/energy/energy_clb.d" -o"src/energy/energy_clb.o" "../src/energy/energy_clb.cpp"
Finished building: ../src/energy/energy_clb.cpp
 
Building file: ../src/energy/energy_clbmedia.cpp
Invoking: GCC C++ Compiler
g++ -O3 -Wall -c -fmessage-length=0 -std=c++0x -ffast-math -MMD -MP -MF"src/energy/energy_clbmedia.d" -MT"src/energy/energy_clbmedia.d" -o"src/energy/energy_clbmedia.o" "../src/energy/energy_clbmedia.cpp"
Finished building: ../src/energy/energy_clbmedia.cpp
 
Building file: ../src/energy/energy_clbnonl.cpp
Invoking: GCC C++ Compiler
g++ -O3 -Wall -c -fmessage-length=0 -std=c++0x -ffast-math -MMD -MP -MF"src/energy/energy_clbnonl.d" -MT"src/energy/energy_clbnonl.d" -o"src/energy/energy_clbnonl.o" "../src/energy/energy_clbnonl.cpp"
Finished building: ../src/energy/energy_clbnonl.cpp
 
Building file: ../src/energy/energy_clbtotal.cpp
Invoking: GCC C++ Compiler
g++ -O3 -Wall -c -fmessage-length=0 -std=c++0x -ffast-math -MMD -MP -MF"src/energy/energy_clbtotal.d" -MT"src/energy/energy_clbtotal.d" -o"src/energy/energy_clbtotal.o" "../src/energy/energy_clbtotal.cpp"
Finished building: ../src/energy/energy_clbtotal.cpp
 
Building file: ../src/energy/energy_nl.cpp
Invoking: GCC C++ Compiler
g++ -O3 -Wall -c -fmessage-length=0 -std=c++0x -ffast-math -MMD -MP -MF"src/energy/energy_nl.d" -MT"src/energy/energy_nl.d" -o"src/energy/energy_nl.o" "../src/energy/energy_nl.cpp"
Finished building: ../src/energy/energy_nl.cpp
 
Building file: ../src/energy/energy_react.cpp
Invoking: GCC C++ Compiler
g++ -O3 -Wall -c -fmessage-length=0 -std=c++0x -ffast-math -MMD -MP -MF"src/energy/energy_react.d" -MT"src/energy/energy_react.d" -o"src/energy/energy_react.o" "../src/energy/energy_react.cpp"
Finished building: ../src/energy/energy_react.cpp
 
Building file: ../src/energy/energy_run.cpp
Invoking: GCC C++ Compiler
g++ -O3 -Wall -c -fmessage-length=0 -std=c++0x -ffast-math -MMD -MP -MF"src/energy/energy_run.d" -MT"src/energy/energy_run.d" -o"src/energy/energy_run.o" "../src/energy/energy_run.cpp"
Finished building: ../src/energy/energy_run.cpp
 
Building file: ../src/delphi/delphi_data_flash.cpp
Invoking: GCC C++ Compiler
g++ -O3 -Wall -c -fmessage-length=0 -std=c++0x -MMD -MP -MF"src/delphi/delphi_data_flash.d" -MT"src/delphi/delphi_data_flash.d" -o"src/delphi/delphi_data_flash.o" "../src/delphi/delphi_data_flash.cpp"
Finished building: ../src/delphi/delphi_data_flash.cpp
 
Building file: ../src/delphi/delphi_data_reset.cpp
Invoking: GCC C++ Compiler
g++ -O3 -Wall -c -fmessage-length=0 -std=c++0x -MMD -MP -MF"src/delphi/delphi_data_reset.d" -MT"src/delphi/delphi_data_reset.d" -o"src/delphi/delphi_data_reset.o" "../src/delphi/delphi_data_reset.cpp"
Finished building: ../src/delphi/delphi_data_reset.cpp
 
Building file: ../src/delphi/delphi_data_setMap.cpp
Invoking: GCC C++ Compiler
g++ -O3 -Wall -c -fmessage-length=0 -std=c++0x -MMD -MP -MF"src/delphi/delphi_data_setMap.d" -MT"src/delphi/delphi_data_setMap.d" -o"src/delphi/delphi_data_setMap.o" "../src/delphi/delphi_data_setMap.cpp"
Finished building: ../src/delphi/delphi_data_setMap.cpp
 
Building file: ../src/delphi/delphi_data_showMap.cpp
Invoking: GCC C++ Compiler
g++ -O3 -Wall -c -fmessage-length=0 -std=c++0x -MMD -MP -MF"src/delphi/delphi_data_showMap.d" -MT"src/delphi/delphi_data_showMap.d" -o"src/delphi/delphi_data_showMap.o" "../src/delphi/delphi_data_showMap.cpp"
Finished building: ../src/delphi/delphi_data_showMap.cpp
 
Building file: ../src/delphi/delphi_datamarshal_getFunction.cpp
Invoking: GCC C++ Compiler
g++ -O3 -Wall -c -fmessage-length=0 -std=c++0x -MMD -MP -MF"src/delphi/delphi_datamarshal_getFunction.d" -MT"src/delphi/delphi_datamarshal_getFunction.d" -o"src/delphi/delphi_datamarshal_getFunction.o" "../src/delphi/delphi_datamarshal_getFunction.cpp"
Finished building: ../src/delphi/delphi_datamarshal_getFunction.cpp
 
Building file: ../src/delphi/delphi_datamarshal_getStatement.cpp
Invoking: GCC C++ Compiler
g++ -O3 -Wall -c -fmessage-length=0 -std=c++0x -MMD -MP -MF"src/delphi/delphi_datamarshal_getStatement.d" -MT"src/delphi/delphi_datamarshal_getStatement.d" -o"src/delphi/delphi_datamarshal_getStatement.o" "../src/delphi/delphi_datamarshal_getStatement.cpp"
Finished building: ../src/delphi/delphi_datamarshal_getStatement.cpp
 
Building file: ../src/delphi/delphi_datamarshal_setDefault.cpp
Invoking: GCC C++ Compiler
g++ -O3 -Wall -c -fmessage-length=0 -std=c++0x -MMD -MP -MF"src/delphi/delphi_datamarshal_setDefault.d" -MT"src/delphi/delphi_datamarshal_setDefault.d" -o"src/delphi/delphi_datamarshal_setDefault.o" "../src/delphi/delphi_datamarshal_setDefault.cpp"
Finished building: ../src/delphi/delphi_datamarshal_setDefault.cpp
 
Building file: ../src/delphi/delphi_datamarshal_showParameters.cpp
Invoking: GCC C++ Compiler
g++ -O3 -Wall -c -fmessage-length=0 -std=c++0x -MMD -MP -MF"src/delphi/delphi_datamarshal_showParameters.d" -MT"src/delphi/delphi_datamarshal_showParameters.d" -o"src/delphi/delphi_datamarshal_showParameters.o" "../src/delphi/delphi_datamarshal_showParameters.cpp"
Finished building: ../src/delphi/delphi_datamarshal_showParameters.cpp
 
Building file: ../src/delphi/delphi_datamarshal_updateParameters.cpp
Invoking: GCC C++ Compiler
g++ -O3 -Wall -c -fmessage-length=0 -std=c++0x -MMD -MP -MF"src/delphi/delphi_datamarshal_updateParameters.d" -MT"src/delphi/delphi_datamarshal_updateParameters.d" -o"src/delphi/delphi_datamarshal_updateParameters.o" "../src/delphi/delphi_datamarshal_updateParameters.cpp"
Finished building: ../src/delphi/delphi_datamarshal_updateParameters.cpp
 
Building file: ../src/app/app_delphi.cpp
Invoking: GCC C++ Compiler
g++ -O3 -Wall -c -fmessage-length=0 -std=c++0x -MMD -MP -MF"src/app/app_delphi.d" -MT"src/app/app_delphi.d" -o"src/app/app_delphi.o" "../src/app/app_delphi.cpp"
Finished building: ../src/app/app_delphi.cpp
 
Building target: delphicpp_release
Invoking: GCC C++ Linker
g++  -o"delphicpp_release"  ./src/space/grid_space.o ./src/space/space_crgarr.o ./src/space/space_cube.o ./src/space/space_eps.o ./src/space/space_fft.o ./src/space/space_indver.o ./src/space/space_msrf.o ./src/space/space_run.o ./src/space/space_sas.o ./src/space/space_sclbp.o ./src/space/space_setconvolute.o ./src/space/space_setout.o ./src/space/space_validateInput.o ./src/space/space_vwtms.o ./src/space/space_vwtms_inc.o ./src/space/space_setgaussian.o ./src/solver/solver_bndy_isCoulombBndy.o ./src/solver/solver_bndy_isDipolarBndy.o ./src/solver/solver_bndy_isFocusBndy.o ./src/solver/solver_bndy_setBndy.o ./src/solver/solver_fastSOR_initOddEvenItr.o ./src/solver/solver_fastSOR_itit.o ./src/solver/solver_fastSOR_itrEvenPoints.o ./src/solver/solver_fastSOR_itrOddPoints.o ./src/solver/solver_fastSOR_mkdbsf.o ./src/solver/solver_fastSOR_nitit.o ./src/solver/solver_fastSOR_postItr.o ./src/solver/solver_fastSOR_relfac.o ./src/solver/solver_fastSOR_run.o ./src/solver/solver_fastSOR_setcrg.o ./src/solver/solver_fastSOR_validateInput.o  ./src/site/site_expand.o ./src/site/site_phicon.o ./src/site/site_rforce.o ./src/site/site_rforceesp1.o ./src/site/site_tops.o ./src/site/site_writePhi.o ./src/site/site_writePhiMap.o ./src/site/site_writePotential_ccp4.o ./src/site/site_writePotential_cube.o ./src/site/site_writePotential_delphi.o ./src/site/site_writePotential_fromPrevious.o ./src/site/site_writePotential_grasp.o ./src/site/site_writePotential_insight.o ./src/site/site_writePotential_zphi.o ./src/site/site_writeSite.o ./src/site/site_writePAnalysis.o ./src/misc/misc_grid_opts.o ./src/misc/misc_interpl.o ./src/misc/misc_timer.o  ./src/io/io_epsmap.o ./src/io/io_force.o ./src/io/io_frc.o ./src/io/io_misc.o ./src/io/io_pdb.o  ./src/interface/exceptions.o ./src/interface/interface_datacontainer.o ./src/interface/interface_datamarshal.o  ./src/energy/energy_clb.o ./src/energy/energy_clbmedia.o ./src/energy/energy_clbnonl.o ./src/energy/energy_clbtotal.o ./src/energy/energy_nl.o ./src/energy/energy_react.o ./src/energy/energy_run.o  ./src/delphi/delphi_data_flash.o ./src/delphi/delphi_data_reset.o ./src/delphi/delphi_data_setMap.o ./src/delphi/delphi_data_showMap.o ./src/delphi/delphi_datamarshal_getFunction.o ./src/delphi/delphi_datamarshal_getStatement.o ./src/delphi/delphi_datamarshal_setDefault.o ./src/delphi/delphi_datamarshal_showParameters.o ./src/delphi/delphi_datamarshal_updateParameters.o  ./src/app/app_delphi.o   
Finished building target: delphicpp_release
 
